2018-12-12 13:57:20 [scrapy.utils.log] INFO: Scrapy 1.5.1 started (bot: CommoditySpider)
2018-12-12 13:57:20 [scrapy.utils.log] INFO: Versions: lxml 4.2.5.0, libxml2 2.9.5, cssselect 1.0.3, parsel 1.5.1, w3lib 1.19.0, Twisted 18.9.0, Python 3.7.1 (v3.7.1:260ec2c36a, Oct 20 2018, 14:05:16) [MSC v.1915 32 bit (Intel)], pyOpenSSL 18.0.0 (OpenSSL 1.1.0j  20 Nov 2018), cryptography 2.4.2, Platform Windows-10-10.0.17763-SP0
2018-12-12 13:57:20 [scrapy.crawler] INFO: Overridden settings: {'AJAXCRAWL_ENABLED': True, 'AUTOTHROTTLE_ENABLED': True, 'AUTOTHROTTLE_MAX_DELAY': 30, 'AUTOTHROTTLE_START_DELAY': 0.1, 'AUTOTHROTTLE_TARGET_CONCURRENCY': 128, 'BOT_NAME': 'CommoditySpider', 'COMMANDS_MODULE': 'CommoditySpider.commands', 'CONCURRENT_REQUESTS': 256, 'CONCURRENT_REQUESTS_PER_DOMAIN': 256, 'CONCURRENT_REQUESTS_PER_IP': 256, 'COOKIES_ENABLED': False, 'DOWNLOAD_DELAY': 0.1, 'DOWNLOAD_TIMEOUT': 30, 'LOG_FILE': 'spider-mercado-1212-01.log', 'LOG_LEVEL': 'INFO', 'NEWSPIDER_MODULE': 'CommoditySpider.spiders', 'ROBOTSTXT_OBEY': True, 'SPIDER_MODULES': ['CommoditySpider.spiders'], 'TELNETCONSOLE_ENABLED': False}
2018-12-12 13:57:20 [scrapy.middleware] INFO: Enabled extensions:
['scrapy.extensions.corestats.CoreStats',
 'scrapy.extensions.logstats.LogStats',
 'scrapy.extensions.spiderstate.SpiderState',
 'scrapy.extensions.throttle.AutoThrottle']
2018-12-12 13:57:20 [py.warnings] WARNING: d:\program files\python3.7.1\lib\site-packages\scrapy\utils\deprecate.py:156: ScrapyDeprecationWarning: `scrapy.contrib.downloadermiddleware.useragent.UserAgentMiddleware` class is deprecated, use `scrapy.downloadermiddlewares.useragent.UserAgentMiddleware` instead
  ScrapyDeprecationWarning)

2018-12-12 13:57:21 [scrapy.middleware] INFO: Enabled downloader middlewares:
['scrapy.downloadermiddlewares.robotstxt.RobotsTxtMiddleware',
 'scrapy.downloadermiddlewares.httpauth.HttpAuthMiddleware',
 'scrapy.downloadermiddlewares.downloadtimeout.DownloadTimeoutMiddleware',
 'scrapy.downloadermiddlewares.defaultheaders.DefaultHeadersMiddleware',
 'CommoditySpider.middlewares.RandomUserAgentMiddleware',
 'CommoditySpider.middlewares.CommodityspiderDownloaderMiddleware',
 'scrapy.downloadermiddlewares.retry.RetryMiddleware',
 'scrapy.downloadermiddlewares.ajaxcrawl.AjaxCrawlMiddleware',
 'scrapy.downloadermiddlewares.redirect.MetaRefreshMiddleware',
 'scrapy.downloadermiddlewares.httpcompression.HttpCompressionMiddleware',
 'scrapy.downloadermiddlewares.redirect.RedirectMiddleware',
 'scrapy.downloadermiddlewares.httpproxy.HttpProxyMiddleware',
 'scrapy.downloadermiddlewares.stats.DownloaderStats']
2018-12-12 13:57:21 [scrapy.middleware] INFO: Enabled spider middlewares:
['scrapy.spidermiddlewares.httperror.HttpErrorMiddleware',
 'scrapy.spidermiddlewares.offsite.OffsiteMiddleware',
 'scrapy.spidermiddlewares.referer.RefererMiddleware',
 'scrapy.spidermiddlewares.urllength.UrlLengthMiddleware',
 'scrapy.spidermiddlewares.depth.DepthMiddleware']
2018-12-12 13:57:21 [py.warnings] WARNING: D:\Py-projects\CommoditySpider\CommoditySpider\pipelines.py:10: ScrapyDeprecationWarning: Module `scrapy.log` has been deprecated, Scrapy now relies on the builtin Python library for logging. Read the updated logging entry in the documentation to learn more.
  from scrapy import log

2018-12-12 13:57:21 [scrapy.middleware] INFO: Enabled item pipelines:
['CommoditySpider.pipelines.CommodityspiderPipeline']
2018-12-12 13:57:21 [scrapy.core.engine] INFO: Spider opened
2018-12-12 13:57:21 [root] INFO: ---Opened spider = mercado_livre
2018-12-12 13:57:21 [scrapy.extensions.logstats] INFO: Crawled 0 pages (at 0 pages/min), scraped 0 items (at 0 items/min)
2018-12-12 13:57:21 [mercado_livre] INFO: Spider opened: mercado_livre
2018-12-12 13:58:21 [scrapy.extensions.logstats] INFO: Crawled 166 pages (at 166 pages/min), scraped 142 items (at 142 items/min)
2018-12-12 13:59:21 [scrapy.extensions.logstats] INFO: Crawled 352 pages (at 186 pages/min), scraped 316 items (at 174 items/min)
2018-12-12 14:00:21 [scrapy.extensions.logstats] INFO: Crawled 540 pages (at 188 pages/min), scraped 488 items (at 172 items/min)
2018-12-12 14:01:21 [scrapy.extensions.logstats] INFO: Crawled 736 pages (at 196 pages/min), scraped 679 items (at 191 items/min)
2018-12-12 14:02:21 [scrapy.extensions.logstats] INFO: Crawled 941 pages (at 205 pages/min), scraped 884 items (at 205 items/min)
2018-12-12 14:03:21 [scrapy.extensions.logstats] INFO: Crawled 1149 pages (at 208 pages/min), scraped 1093 items (at 209 items/min)
2018-12-12 14:04:21 [scrapy.extensions.logstats] INFO: Crawled 1358 pages (at 209 pages/min), scraped 1301 items (at 208 items/min)
2018-12-12 14:05:21 [scrapy.extensions.logstats] INFO: Crawled 1562 pages (at 204 pages/min), scraped 1505 items (at 204 items/min)
2018-12-12 14:06:21 [scrapy.extensions.logstats] INFO: Crawled 1748 pages (at 186 pages/min), scraped 1692 items (at 187 items/min)
2018-12-12 14:07:21 [scrapy.extensions.logstats] INFO: Crawled 1937 pages (at 189 pages/min), scraped 1881 items (at 189 items/min)
2018-12-12 14:08:21 [scrapy.extensions.logstats] INFO: Crawled 2111 pages (at 174 pages/min), scraped 2056 items (at 175 items/min)
2018-12-12 14:09:21 [scrapy.extensions.logstats] INFO: Crawled 2290 pages (at 179 pages/min), scraped 2222 items (at 166 items/min)
2018-12-12 14:10:21 [scrapy.extensions.logstats] INFO: Crawled 2455 pages (at 165 pages/min), scraped 2383 items (at 161 items/min)
2018-12-12 14:11:21 [scrapy.extensions.logstats] INFO: Crawled 2650 pages (at 195 pages/min), scraped 2560 items (at 177 items/min)
2018-12-12 14:12:21 [scrapy.extensions.logstats] INFO: Crawled 2875 pages (at 225 pages/min), scraped 2779 items (at 219 items/min)
2018-12-12 14:13:21 [scrapy.extensions.logstats] INFO: Crawled 3127 pages (at 252 pages/min), scraped 3030 items (at 251 items/min)
2018-12-12 14:14:21 [scrapy.extensions.logstats] INFO: Crawled 3387 pages (at 260 pages/min), scraped 3288 items (at 258 items/min)
2018-12-12 14:15:21 [scrapy.extensions.logstats] INFO: Crawled 3613 pages (at 226 pages/min), scraped 3515 items (at 227 items/min)
2018-12-12 14:16:21 [scrapy.extensions.logstats] INFO: Crawled 3842 pages (at 229 pages/min), scraped 3743 items (at 228 items/min)
2018-12-12 14:17:21 [scrapy.extensions.logstats] INFO: Crawled 4060 pages (at 218 pages/min), scraped 3956 items (at 213 items/min)
2018-12-12 14:18:21 [scrapy.extensions.logstats] INFO: Crawled 4260 pages (at 200 pages/min), scraped 4157 items (at 201 items/min)
2018-12-12 14:19:21 [scrapy.extensions.logstats] INFO: Crawled 4465 pages (at 205 pages/min), scraped 4355 items (at 198 items/min)
2018-12-12 14:20:21 [scrapy.extensions.logstats] INFO: Crawled 4650 pages (at 185 pages/min), scraped 4526 items (at 171 items/min)
2018-12-12 14:21:21 [scrapy.extensions.logstats] INFO: Crawled 4832 pages (at 182 pages/min), scraped 4692 items (at 166 items/min)
2018-12-12 14:22:22 [scrapy.extensions.logstats] INFO: Crawled 5013 pages (at 181 pages/min), scraped 4876 items (at 184 items/min)
2018-12-12 14:23:21 [scrapy.extensions.logstats] INFO: Crawled 5188 pages (at 175 pages/min), scraped 5050 items (at 174 items/min)
2018-12-12 14:24:21 [scrapy.extensions.logstats] INFO: Crawled 5371 pages (at 183 pages/min), scraped 5233 items (at 183 items/min)
2018-12-12 14:25:21 [scrapy.extensions.logstats] INFO: Crawled 5548 pages (at 177 pages/min), scraped 5410 items (at 177 items/min)
2018-12-12 14:26:21 [scrapy.extensions.logstats] INFO: Crawled 5729 pages (at 181 pages/min), scraped 5591 items (at 181 items/min)
2018-12-12 14:27:21 [scrapy.extensions.logstats] INFO: Crawled 5902 pages (at 173 pages/min), scraped 5765 items (at 174 items/min)
2018-12-12 14:28:21 [scrapy.extensions.logstats] INFO: Crawled 6073 pages (at 171 pages/min), scraped 5937 items (at 172 items/min)
2018-12-12 14:29:21 [scrapy.extensions.logstats] INFO: Crawled 6246 pages (at 173 pages/min), scraped 6110 items (at 173 items/min)
2018-12-12 14:30:21 [scrapy.extensions.logstats] INFO: Crawled 6427 pages (at 181 pages/min), scraped 6284 items (at 174 items/min)
2018-12-12 14:31:21 [scrapy.extensions.logstats] INFO: Crawled 6605 pages (at 178 pages/min), scraped 6450 items (at 166 items/min)
2018-12-12 14:32:21 [scrapy.extensions.logstats] INFO: Crawled 6789 pages (at 184 pages/min), scraped 6616 items (at 166 items/min)
2018-12-12 14:33:21 [scrapy.extensions.logstats] INFO: Crawled 6983 pages (at 194 pages/min), scraped 6803 items (at 187 items/min)
2018-12-12 14:34:21 [scrapy.extensions.logstats] INFO: Crawled 7187 pages (at 204 pages/min), scraped 7007 items (at 204 items/min)
2018-12-12 14:35:21 [scrapy.extensions.logstats] INFO: Crawled 7401 pages (at 214 pages/min), scraped 7219 items (at 212 items/min)
2018-12-12 14:36:21 [scrapy.extensions.logstats] INFO: Crawled 7593 pages (at 192 pages/min), scraped 7412 items (at 193 items/min)
2018-12-12 14:37:21 [scrapy.extensions.logstats] INFO: Crawled 7791 pages (at 198 pages/min), scraped 7611 items (at 199 items/min)
2018-12-12 14:38:21 [scrapy.extensions.logstats] INFO: Crawled 7981 pages (at 190 pages/min), scraped 7799 items (at 188 items/min)
2018-12-12 14:39:21 [scrapy.extensions.logstats] INFO: Crawled 8154 pages (at 173 pages/min), scraped 7971 items (at 172 items/min)
2018-12-12 14:40:22 [scrapy.extensions.logstats] INFO: Crawled 8329 pages (at 175 pages/min), scraped 8146 items (at 175 items/min)
2018-12-12 14:41:22 [scrapy.extensions.logstats] INFO: Crawled 8504 pages (at 175 pages/min), scraped 8316 items (at 170 items/min)
2018-12-12 14:42:22 [scrapy.extensions.logstats] INFO: Crawled 8679 pages (at 175 pages/min), scraped 8479 items (at 163 items/min)
2018-12-12 14:43:21 [scrapy.extensions.logstats] INFO: Crawled 8853 pages (at 174 pages/min), scraped 8646 items (at 167 items/min)
2018-12-12 14:44:21 [scrapy.extensions.logstats] INFO: Crawled 9036 pages (at 183 pages/min), scraped 8817 items (at 171 items/min)
2018-12-12 14:45:21 [scrapy.extensions.logstats] INFO: Crawled 9224 pages (at 188 pages/min), scraped 9006 items (at 189 items/min)
2018-12-12 14:46:21 [scrapy.extensions.logstats] INFO: Crawled 9410 pages (at 186 pages/min), scraped 9191 items (at 185 items/min)
2018-12-12 14:47:21 [scrapy.extensions.logstats] INFO: Crawled 9588 pages (at 178 pages/min), scraped 9370 items (at 179 items/min)
2018-12-12 14:48:21 [scrapy.extensions.logstats] INFO: Crawled 9779 pages (at 191 pages/min), scraped 9560 items (at 190 items/min)
2018-12-12 14:49:21 [scrapy.extensions.logstats] INFO: Crawled 9940 pages (at 161 pages/min), scraped 9721 items (at 161 items/min)
2018-12-12 14:50:21 [scrapy.extensions.logstats] INFO: Crawled 10107 pages (at 167 pages/min), scraped 9887 items (at 166 items/min)
2018-12-12 14:51:21 [scrapy.extensions.logstats] INFO: Crawled 10309 pages (at 202 pages/min), scraped 10089 items (at 202 items/min)
2018-12-12 14:52:21 [scrapy.extensions.logstats] INFO: Crawled 10503 pages (at 194 pages/min), scraped 10281 items (at 192 items/min)
2018-12-12 14:53:21 [scrapy.extensions.logstats] INFO: Crawled 10686 pages (at 183 pages/min), scraped 10449 items (at 168 items/min)
2018-12-12 14:54:21 [scrapy.extensions.logstats] INFO: Crawled 10883 pages (at 197 pages/min), scraped 10630 items (at 181 items/min)
2018-12-12 14:55:21 [scrapy.extensions.logstats] INFO: Crawled 11104 pages (at 221 pages/min), scraped 10844 items (at 214 items/min)
2018-12-12 14:56:21 [scrapy.extensions.logstats] INFO: Crawled 11333 pages (at 229 pages/min), scraped 11074 items (at 230 items/min)
2018-12-12 14:57:21 [scrapy.extensions.logstats] INFO: Crawled 11576 pages (at 243 pages/min), scraped 11314 items (at 240 items/min)
2018-12-12 14:58:21 [scrapy.extensions.logstats] INFO: Crawled 11827 pages (at 251 pages/min), scraped 11566 items (at 252 items/min)
2018-12-12 14:59:21 [scrapy.extensions.logstats] INFO: Crawled 12046 pages (at 219 pages/min), scraped 11783 items (at 217 items/min)
2018-12-12 15:00:21 [scrapy.extensions.logstats] INFO: Crawled 12261 pages (at 215 pages/min), scraped 11998 items (at 215 items/min)
2018-12-12 15:01:21 [scrapy.extensions.logstats] INFO: Crawled 12458 pages (at 197 pages/min), scraped 12193 items (at 195 items/min)
2018-12-12 15:02:21 [scrapy.extensions.logstats] INFO: Crawled 12662 pages (at 204 pages/min), scraped 12393 items (at 200 items/min)
2018-12-12 15:03:21 [scrapy.extensions.logstats] INFO: Crawled 12867 pages (at 205 pages/min), scraped 12598 items (at 205 items/min)
2018-12-12 15:04:21 [scrapy.extensions.logstats] INFO: Crawled 13073 pages (at 206 pages/min), scraped 12793 items (at 195 items/min)
2018-12-12 15:05:21 [scrapy.extensions.logstats] INFO: Crawled 13275 pages (at 202 pages/min), scraped 12980 items (at 187 items/min)
2018-12-12 15:06:21 [scrapy.extensions.logstats] INFO: Crawled 13469 pages (at 194 pages/min), scraped 13160 items (at 180 items/min)
2018-12-12 15:07:21 [scrapy.extensions.logstats] INFO: Crawled 13687 pages (at 218 pages/min), scraped 13378 items (at 218 items/min)
2018-12-12 15:08:21 [scrapy.extensions.logstats] INFO: Crawled 13912 pages (at 225 pages/min), scraped 13603 items (at 225 items/min)
2018-12-12 15:09:21 [scrapy.extensions.logstats] INFO: Crawled 14141 pages (at 229 pages/min), scraped 13833 items (at 230 items/min)
2018-12-12 15:10:21 [scrapy.extensions.logstats] INFO: Crawled 14355 pages (at 214 pages/min), scraped 14046 items (at 213 items/min)
2018-12-12 15:11:21 [scrapy.extensions.logstats] INFO: Crawled 14572 pages (at 217 pages/min), scraped 14262 items (at 216 items/min)
2018-12-12 15:12:21 [scrapy.extensions.logstats] INFO: Crawled 14781 pages (at 209 pages/min), scraped 14474 items (at 212 items/min)
2018-12-12 15:13:21 [scrapy.extensions.logstats] INFO: Crawled 14986 pages (at 205 pages/min), scraped 14677 items (at 203 items/min)
2018-12-12 15:14:21 [scrapy.extensions.logstats] INFO: Crawled 15186 pages (at 200 pages/min), scraped 14860 items (at 183 items/min)
2018-12-12 15:15:21 [scrapy.extensions.logstats] INFO: Crawled 15398 pages (at 212 pages/min), scraped 15069 items (at 209 items/min)
2018-12-12 15:16:21 [scrapy.extensions.logstats] INFO: Crawled 15616 pages (at 218 pages/min), scraped 15286 items (at 217 items/min)
2018-12-12 15:17:21 [scrapy.extensions.logstats] INFO: Crawled 15823 pages (at 207 pages/min), scraped 15490 items (at 204 items/min)
2018-12-12 15:18:21 [scrapy.extensions.logstats] INFO: Crawled 16004 pages (at 181 pages/min), scraped 15671 items (at 181 items/min)
2018-12-12 15:19:21 [scrapy.extensions.logstats] INFO: Crawled 16172 pages (at 168 pages/min), scraped 15825 items (at 154 items/min)
2018-12-12 15:20:21 [scrapy.extensions.logstats] INFO: Crawled 16374 pages (at 202 pages/min), scraped 16021 items (at 196 items/min)
2018-12-12 15:21:21 [scrapy.extensions.logstats] INFO: Crawled 16629 pages (at 255 pages/min), scraped 16272 items (at 251 items/min)
2018-12-12 15:22:21 [scrapy.extensions.logstats] INFO: Crawled 16867 pages (at 238 pages/min), scraped 16511 items (at 239 items/min)
2018-12-12 15:23:21 [scrapy.extensions.logstats] INFO: Crawled 17100 pages (at 233 pages/min), scraped 16744 items (at 233 items/min)
2018-12-12 15:24:21 [scrapy.extensions.logstats] INFO: Crawled 17307 pages (at 207 pages/min), scraped 16951 items (at 207 items/min)
2018-12-12 15:26:49 [scrapy.extensions.logstats] INFO: Crawled 17309 pages (at 2 pages/min), scraped 16953 items (at 2 items/min)
2018-12-12 15:26:49 [scrapy.core.engine] INFO: Closing spider (finished)
2018-12-12 15:26:49 [root] INFO: ---Closed spider = mercado_livre
2018-12-12 15:26:49 [scrapy.statscollectors] INFO: Dumping Scrapy stats:
{'downloader/exception_count': 332,
 'downloader/exception_type_count/scrapy.core.downloader.handlers.http11.TunnelError': 45,
 'downloader/exception_type_count/twisted.internet.error.TimeoutError': 287,
 'downloader/request_bytes': 12429904,
 'downloader/request_count': 18501,
 'downloader/request_method_count/GET': 18501,
 'downloader/response_bytes': 1171761427,
 'downloader/response_count': 18169,
 'downloader/response_status_count/200': 17308,
 'downloader/response_status_count/302': 860,
 'downloader/response_status_count/404': 1,
 'finish_reason': 'finished',
 'finish_time': datetime.datetime(2018, 12, 12, 7, 26, 49, 105856),
 'item_scraped_count': 16953,
 'log_count/ERROR': 22,
 'log_count/INFO': 98,
 'log_count/WARNING': 2,
 'request_depth_max': 43,
 'response_received_count': 17309,
 'retry/count': 332,
 'retry/reason_count/scrapy.core.downloader.handlers.http11.TunnelError': 45,
 'retry/reason_count/twisted.internet.error.TimeoutError': 287,
 'scheduler/dequeued': 18493,
 'scheduler/dequeued/disk': 18493,
 'scheduler/enqueued': 18493,
 'scheduler/enqueued/disk': 18493,
 'start_time': datetime.datetime(2018, 12, 12, 5, 57, 21, 428782)}
2018-12-12 15:26:49 [scrapy.core.engine] INFO: Spider closed (finished)
